<?xml version="1.0" encoding="UTF-8"?>
<testsuite name="CommandStartIterationTest" tests="1" skipped="0" failures="0" errors="0" timestamp="2022-02-14T14:31:54" hostname="LAPTOP-E3TJCCED" time="0.011">
  <properties/>
  <testcase name="testExecute" classname="CommandStartIterationTest" time="0.011"/>
  <system-out><![CDATA[]]></system-out>
  <system-err><![CDATA[]]></system-err>
</testsuite>
